<?xml version="1.0" encoding="UTF-8"?>
<testng-results ignored="0" total="2" passed="2" failed="0" skipped="0">
  <reporter-output>
  </reporter-output>
  <suite started-at="2020-08-01T19:43:36 ICT" name="Default suite" finished-at="2020-08-01T19:44:01 ICT" duration-ms="24985">
    <groups>
    </groups>
    <test started-at="2020-08-01T19:43:36 ICT" name="Default test" finished-at="2020-08-01T19:44:01 ICT" duration-ms="24985">
      <class name="testcase.GreenFruitTest">
        <test-method is-config="true" signature="awal()[pri:0, instance:testcase.GreenFruitTest@5dd91bca]" started-at="2020-08-01T19:43:36 ICT" name="awal" finished-at="2020-08-01T19:43:58 ICT" duration-ms="22385" status="PASS">
          <reporter-output>
          </reporter-output>
        </test-method> <!-- awal -->
        <test-method signature="barcelona()[pri:0, instance:testcase.GreenFruitTest@5dd91bca]" started-at="2020-08-01T19:43:58 ICT" name="barcelona" finished-at="2020-08-01T19:44:00 ICT" duration-ms="1803" status="PASS">
          <reporter-output>
          </reporter-output>
        </test-method> <!-- barcelona -->
        <test-method signature="quit()[pri:0, instance:testcase.GreenFruitTest@5dd91bca]" started-at="2020-08-01T19:44:00 ICT" name="quit" finished-at="2020-08-01T19:44:01 ICT" duration-ms="704" status="PASS">
          <reporter-output>
          </reporter-output>
        </test-method> <!-- quit -->
      </class> <!-- testcase.GreenFruitTest -->
    </test> <!-- Default test -->
  </suite> <!-- Default suite -->
</testng-results>
